<?xml version="1.0" encoding="UTF-8"?>
<testsuite name="com.vf.uk.dal.checkout.controller.test.CheckoutControllerTest" time="4.826" tests="40" errors="0" skipped="0" failures="0">
  <properties>
    <property name="java.runtime.name" value="OpenJDK Runtime Environment"/>
    <property name="sun.boot.library.path" value="/usr/lib/jvm/java-8-openjdk-amd64/jre/lib/amd64"/>
    <property name="java.vm.version" value="25.162-b12"/>
    <property name="java.vm.vendor" value="Oracle Corporation"/>
    <property name="maven.multiModuleProjectDirectory" value="/vsts/agent/_work/1/s"/>
    <property name="java.vendor.url" value="http://java.oracle.com/"/>
    <property name="path.separator" value=":"/>
    <property name="guice.disable.misplaced.annotation.check" value="true"/>
    <property name="java.vm.name" value="OpenJDK 64-Bit Server VM"/>
    <property name="file.encoding.pkg" value="sun.io"/>
    <property name="user.country" value="US"/>
    <property name="sun.java.launcher" value="SUN_STANDARD"/>
    <property name="sun.os.patch.level" value="unknown"/>
    <property name="java.vm.specification.name" value="Java Virtual Machine Specification"/>
    <property name="user.dir" value="/vsts/agent/_work/1/s"/>
    <property name="java.runtime.version" value="1.8.0_162-8u162-b12-0ubuntu0.16.04.2-b12"/>
    <property name="java.awt.graphicsenv" value="sun.awt.X11GraphicsEnvironment"/>
    <property name="java.endorsed.dirs" value="/usr/lib/jvm/java-8-openjdk-amd64/jre/lib/endorsed"/>
    <property name="os.arch" value="amd64"/>
    <property name="java.io.tmpdir" value="/tmp"/>
    <property name="line.separator" value="&#10;"/>
    <property name="java.vm.specification.vendor" value="Oracle Corporation"/>
    <property name="os.name" value="Linux"/>
    <property name="classworlds.conf" value="/usr/share/maven/bin/m2.conf"/>
    <property name="sun.jnu.encoding" value="ANSI_X3.4-1968"/>
    <property name="java.library.path" value="/usr/java/packages/lib/amd64:/usr/lib/x86_64-linux-gnu/jni:/lib/x86_64-linux-gnu:/usr/lib/x86_64-linux-gnu:/usr/lib/jni:/lib:/usr/lib"/>
    <property name="java.specification.name" value="Java Platform API Specification"/>
    <property name="java.class.version" value="52.0"/>
    <property name="sun.management.compiler" value="HotSpot 64-Bit Tiered Compilers"/>
    <property name="os.version" value="4.9.85-37.55.amzn1.x86_64"/>
    <property name="user.home" value="/root"/>
    <property name="user.timezone" value="Etc/UTC"/>
    <property name="java.awt.printerjob" value="sun.print.PSPrinterJob"/>
    <property name="file.encoding" value="UTF8"/>
    <property name="java.specification.version" value="1.8"/>
    <property name="user.name" value="root"/>
    <property name="java.class.path" value="/usr/share/maven/boot/plexus-classworlds-2.x.jar"/>
    <property name="java.vm.specification.version" value="1.8"/>
    <property name="sun.arch.data.model" value="64"/>
    <property name="java.home" value="/usr/lib/jvm/java-8-openjdk-amd64/jre"/>
    <property name="sun.java.command" value="org.codehaus.plexus.classworlds.launcher.Launcher -f /vsts/agent/_work/1/s/dal-checkout-svc/pom.xml verify"/>
    <property name="java.specification.vendor" value="Oracle Corporation"/>
    <property name="user.language" value="en"/>
    <property name="awt.toolkit" value="sun.awt.X11.XToolkit"/>
    <property name="java.vm.info" value="mixed mode"/>
    <property name="java.version" value="1.8.0_162"/>
    <property name="java.ext.dirs" value="/usr/lib/jvm/java-8-openjdk-amd64/jre/lib/ext:/usr/java/packages/lib/ext"/>
    <property name="securerandom.source" value="file:/dev/./urandom"/>
    <property name="sun.boot.class.path" value="/usr/lib/jvm/java-8-openjdk-amd64/jre/lib/resources.jar:/usr/lib/jvm/java-8-openjdk-amd64/jre/lib/rt.jar:/usr/lib/jvm/java-8-openjdk-amd64/jre/lib/sunrsasign.jar:/usr/lib/jvm/java-8-openjdk-amd64/jre/lib/jsse.jar:/usr/lib/jvm/java-8-openjdk-amd64/jre/lib/jce.jar:/usr/lib/jvm/java-8-openjdk-amd64/jre/lib/charsets.jar:/usr/lib/jvm/java-8-openjdk-amd64/jre/lib/jfr.jar:/usr/lib/jvm/java-8-openjdk-amd64/jre/classes"/>
    <property name="java.vendor" value="Oracle Corporation"/>
    <property name="maven.home" value="/usr/share/maven"/>
    <property name="file.separator" value="/"/>
    <property name="java.vendor.url.bug" value="http://bugreport.sun.com/bugreport/"/>
    <property name="sun.cpu.endian" value="little"/>
    <property name="sun.io.unicode.encoding" value="UnicodeLittle"/>
    <property name="sun.cpu.isalist" value=""/>
  </properties>
  <testcase name="testUpdatePersonalDetailsInfoForLC" classname="com.vf.uk.dal.checkout.controller.test.CheckoutControllerTest" time="1.009"/>
  <testcase name="testSubmitOrderForPreFulfilmentNullChkOutId" classname="com.vf.uk.dal.checkout.controller.test.CheckoutControllerTest" time="0.153"/>
  <testcase name="testRecurringPaymentNullInput" classname="com.vf.uk.dal.checkout.controller.test.CheckoutControllerTest" time="0.163"/>
  <testcase name="testRecurringPaymentInvalidInput" classname="com.vf.uk.dal.checkout.controller.test.CheckoutControllerTest" time="0.133"/>
  <testcase name="testGetWebPaymentWithError" classname="com.vf.uk.dal.checkout.controller.test.CheckoutControllerTest" time="0.215"/>
  <testcase name="testRecurringPayment" classname="com.vf.uk.dal.checkout.controller.test.CheckoutControllerTest" time="0.127"/>
  <testcase name="testUpdatePersonalDetailsWithValidatedInfoForUpgJoutnry" classname="com.vf.uk.dal.checkout.controller.test.CheckoutControllerTest" time="0.063"/>
  <testcase name="testCancelStockReservation" classname="com.vf.uk.dal.checkout.controller.test.CheckoutControllerTest" time="0.067"/>
  <testcase name="testDeliveryOptionsInfo" classname="com.vf.uk.dal.checkout.controller.test.CheckoutControllerTest" time="0.097"/>
  <testcase name="testgetOrderStatesBadRequest" classname="com.vf.uk.dal.checkout.controller.test.CheckoutControllerTest" time="0.078"/>
  <testcase name="testcreateCheckoutInfoNullBasketId" classname="com.vf.uk.dal.checkout.controller.test.CheckoutControllerTest" time="0.069"/>
  <testcase name="testReadCheckoutInfo" classname="com.vf.uk.dal.checkout.controller.test.CheckoutControllerTest" time="0.075"/>
  <testcase name="testpostIdentityQuestionnaireWithEmptyCheckoutId" classname="com.vf.uk.dal.checkout.controller.test.CheckoutControllerTest" time="0.083"/>
  <testcase name="testUpdatePersonalDetailsInfoPostcode" classname="com.vf.uk.dal.checkout.controller.test.CheckoutControllerTest" time="0.096"/>
  <testcase name="testCallCreditServiceWithCheckoutId" classname="com.vf.uk.dal.checkout.controller.test.CheckoutControllerTest" time="0.285"/>
  <testcase name="testpostIdentityQuestionnaire" classname="com.vf.uk.dal.checkout.controller.test.CheckoutControllerTest" time="0.203"/>
  <testcase name="testcreateCheckoutInfoWithAcquisionJourney" classname="com.vf.uk.dal.checkout.controller.test.CheckoutControllerTest" time="0.12"/>
  <testcase name="testcreateCheckoutInfoWithInvalidUpgradeJourney" classname="com.vf.uk.dal.checkout.controller.test.CheckoutControllerTest" time="0.127"/>
  <testcase name="testcreateCheckoutInfo" classname="com.vf.uk.dal.checkout.controller.test.CheckoutControllerTest" time="0.093"/>
  <testcase name="testUpdatePersonalDetailsInfoAddress" classname="com.vf.uk.dal.checkout.controller.test.CheckoutControllerTest" time="0.086"/>
  <testcase name="testPayOnAccount" classname="com.vf.uk.dal.checkout.controller.test.CheckoutControllerTest" time="0.067"/>
  <testcase name="testCallCreditServiceWithEmptyCheckoutId" classname="com.vf.uk.dal.checkout.controller.test.CheckoutControllerTest" time="0.05"/>
  <testcase name="testcreateCheckoutInfoWithUpgradeJourney" classname="com.vf.uk.dal.checkout.controller.test.CheckoutControllerTest" time="0.068"/>
  <testcase name="testBeginWebPayment" classname="com.vf.uk.dal.checkout.controller.test.CheckoutControllerTest" time="0.102"/>
  <testcase name="testDeliveryOptionsInfoError" classname="com.vf.uk.dal.checkout.controller.test.CheckoutControllerTest" time="0.11"/>
  <testcase name="testBeginWebPaymentWithError" classname="com.vf.uk.dal.checkout.controller.test.CheckoutControllerTest" time="0.073"/>
  <testcase name="testSubmitOrderForPreFulfilment" classname="com.vf.uk.dal.checkout.controller.test.CheckoutControllerTest" time="0.068"/>
  <testcase name="testUpdatePersonalDetailsWithValidatedInfoForAcqJoutnry" classname="com.vf.uk.dal.checkout.controller.test.CheckoutControllerTest" time="0.066"/>
  <testcase name="testUpdatePersonalDetailsInfo" classname="com.vf.uk.dal.checkout.controller.test.CheckoutControllerTest" time="0.054"/>
  <testcase name="testgetOrderStates" classname="com.vf.uk.dal.checkout.controller.test.CheckoutControllerTest" time="0.043"/>
  <testcase name="testUpdatePersonalDetailsInfoForUpgJoutnry" classname="com.vf.uk.dal.checkout.controller.test.CheckoutControllerTest" time="0.055"/>
  <testcase name="testReadCheckoutInfoNullChkOutId" classname="com.vf.uk.dal.checkout.controller.test.CheckoutControllerTest" time="0.047"/>
  <testcase name="testRecurringPaymentEmptyInput" classname="com.vf.uk.dal.checkout.controller.test.CheckoutControllerTest" time="0.046"/>
  <testcase name="testgetIdentityQuestionnaire" classname="com.vf.uk.dal.checkout.controller.test.CheckoutControllerTest" time="0.053"/>
  <testcase name="testSubmitOrderForPreFulfilmentWithInvChkOutId" classname="com.vf.uk.dal.checkout.controller.test.CheckoutControllerTest" time="0.046"/>
  <testcase name="testUpdatePersonalDetailsInfoBusiness" classname="com.vf.uk.dal.checkout.controller.test.CheckoutControllerTest" time="0.056"/>
  <testcase name="testGetWebPayment" classname="com.vf.uk.dal.checkout.controller.test.CheckoutControllerTest" time="0.062"/>
  <testcase name="testcreateCheckoutInfoNullBasket" classname="com.vf.uk.dal.checkout.controller.test.CheckoutControllerTest" time="0.066"/>
  <testcase name="testCallCreditServiceWithInvalidCheckoutId" classname="com.vf.uk.dal.checkout.controller.test.CheckoutControllerTest" time="0.267"/>
  <testcase name="testBeginWebPaymentWithNullResponse" classname="com.vf.uk.dal.checkout.controller.test.CheckoutControllerTest" time="0.085"/>
</testsuite>